<?xml version="1.0" encoding="UTF-8"?>
<!-- Generated by org.testng.reporters.JUnitReportReporter -->
<testsuite hostname="Sanjeev-PC" failures="0" tests="3" name="com.practice.learning.TestCases" time="100.645" errors="0" timestamp="2021-02-12T12:07:30 IST" skipped="0">
  <testcase classname="com.practice.learning.TestCases" name="verifyLegalAge" time="24.120"/>
  <system-out/>
  <testcase classname="com.practice.learning.TestCases" name="verifyLegalAge_GreaterThan18" time="37.704"/>
  <system-out/>
  <testcase classname="com.practice.learning.TestCases" name="validateNumberOfEmployees" time="38.821"/>
  <system-out/>
</testsuite> <!-- com.practice.learning.TestCases -->
