<?xml version="1.0" encoding="UTF-8"?>
<!-- Generated by org.testng.reporters.JUnitReportReporter -->
<testsuite hostname="Sanjeev-PC" failures="0" tests="3" name="com.practice.learning.TestCases" time="104.260" errors="0" timestamp="2021-02-12T20:06:17 IST" skipped="0">
  <testcase classname="com.practice.learning.TestCases" name="verifyLegalAge" time="41.537"/>
  <system-out/>
  <testcase classname="com.practice.learning.TestCases" name="verifyLegalAge_GreaterThan18" time="23.430"/>
  <system-out/>
  <testcase classname="com.practice.learning.TestCases" name="validateNumberOfEmployees" time="39.293"/>
  <system-out/>
</testsuite> <!-- com.practice.learning.TestCases -->
